# JRE version: OpenJDK Runtime Environment Microsoft-11933218 (21.0.8+9) (build 21.0.8+9-LTS)
# Java VM: OpenJDK 64-Bit Server VM Microsoft-11933218 (21.0.8+9-LTS, mixed mode, sharing, tiered, compressed oops, compressed class ptrs, g1 gc, windows-amd64)
GC Precious Log:
 CardTable entry size: 512
 Card Set container configuration: InlinePtr #cards 4 size 8 Array Of Cards #cards 16 size 48 Howl #buckets 8 coarsen threshold 3686 Howl Bitmap #cards 512 size 80 coarsen threshold 460 Card regions per heap region 1 cards per card region 4096
 CPUs: 16 total, 16 available
 Memory: 16336M
 Large Page Support: Disabled
 NUMA Support: Disabled
 Compressed Oops: Enabled (Zero based)
 Heap Region Size: 2M
 Heap Min Capacity: 8M
 Heap Initial Capacity: 256M
 Heap Max Capacity: 4086M
 Pre-touch: Disabled
 Parallel Workers: 13
 Concurrent Workers: 3
 Concurrent Refinement Workers: 13
 Periodic GC: Disabled
Heap:
 garbage-first heap   total 131072K, used 69050K [0x0000000700a00000, 0x0000000800000000)
  region size 2048K, 2 young (4096K), 2 survivors (4096K)
 Metaspace       used 69910K, committed 70848K, reserved 1114112K
  class space    used 9505K, committed 9920K, reserved 1048576K
GC Heap History (20 events):
Event: 9.153 GC heap after
{Heap after GC invocations=11 (full 0):
 garbage-first heap   total 79872K, used 28058K [0x0000000700a00000, 0x0000000800000000)
  region size 2048K, 2 young (4096K), 2 survivors (4096K)
 Metaspace       used 59429K, committed 60096K, reserved 1114112K
  class space    used 8000K, committed 8320K, reserved 1048576K
}
Event: 10.165 GC heap before
{Heap before GC invocations=12 (full 0):
 garbage-first heap   total 79872K, used 66970K [0x0000000700a00000, 0x0000000800000000)
  region size 2048K, 21 young (43008K), 2 survivors (4096K)
 Metaspace       used 63073K, committed 63744K, reserved 1114112K
  class space    used 8591K, committed 8896K, reserved 1048576K
}
Event: 10.170 GC heap after
{Heap after GC invocations=13 (full 0):
 garbage-first heap   total 79872K, used 30966K [0x0000000700a00000, 0x0000000800000000)
  region size 2048K, 3 young (6144K), 3 survivors (6144K)
 Metaspace       used 63073K, committed 63744K, reserved 1114112K
  class space    used 8591K, committed 8896K, reserved 1048576K
}
Event: 10.520 GC heap before
{Heap before GC invocations=13 (full 0):
 garbage-first heap   total 79872K, used 63734K [0x0000000700a00000, 0x0000000800000000)
  region size 2048K, 20 young (40960K), 3 survivors (6144K)
 Metaspace       used 64561K, committed 65344K, reserved 1114112K
  class space    used 8746K, committed 9088K, reserved 1048576K
}
Event: 10.533 GC heap after
{Heap after GC invocations=14 (full 0):
 garbage-first heap   total 81920K, used 38055K [0x0000000700a00000, 0x0000000800000000)
  region size 2048K, 3 young (6144K), 3 survivors (6144K)
 Metaspace       used 64561K, committed 65344K, reserved 1114112K
  class space    used 8746K, committed 9088K, reserved 1048576K
}
Event: 10.719 GC heap before
{Heap before GC invocations=14 (full 0):
 garbage-first heap   total 81920K, used 66727K [0x0000000700a00000, 0x0000000800000000)
  region size 2048K, 18 young (36864K), 3 survivors (6144K)
 Metaspace       used 64730K, committed 65472K, reserved 1114112K
  class space    used 8760K, committed 9088K, reserved 1048576K
}
Event: 10.729 GC heap after
{Heap after GC invocations=15 (full 0):
 garbage-first heap   total 83968K, used 45207K [0x0000000700a00000, 0x0000000800000000)
  region size 2048K, 3 young (6144K), 3 survivors (6144K)
 Metaspace       used 64730K, committed 65472K, reserved 1114112K
  class space    used 8760K, committed 9088K, reserved 1048576K
}
Event: 10.758 GC heap before
{Heap before GC invocations=15 (full 0):
 garbage-first heap   total 83968K, used 67735K [0x0000000700a00000, 0x0000000800000000)
  region size 2048K, 14 young (28672K), 3 survivors (6144K)
 Metaspace       used 64737K, committed 65472K, reserved 1114112K
  class space    used 8760K, committed 9088K, reserved 1048576K
}
Event: 10.763 GC heap after
{Heap after GC invocations=16 (full 0):
 garbage-first heap   total 104448K, used 51091K [0x0000000700a00000, 0x0000000800000000)
  region size 2048K, 2 young (4096K), 2 survivors (4096K)
 Metaspace       used 64737K, committed 65472K, reserved 1114112K
  class space    used 8760K, committed 9088K, reserved 1048576K
}
Event: 10.923 GC heap before
{Heap before GC invocations=17 (full 0):
 garbage-first heap   total 104448K, used 83859K [0x0000000700a00000, 0x0000000800000000)
  region size 2048K, 19 young (38912K), 2 survivors (4096K)
 Metaspace       used 64841K, committed 65600K, reserved 1114112K
  class space    used 8765K, committed 9088K, reserved 1048576K
}
Event: 10.934 GC heap after
{Heap after GC invocations=18 (full 0):
 garbage-first heap   total 104448K, used 60848K [0x0000000700a00000, 0x0000000800000000)
  region size 2048K, 3 young (6144K), 3 survivors (6144K)
 Metaspace       used 64841K, committed 65600K, reserved 1114112K
  class space    used 8765K, committed 9088K, reserved 1048576K
}
Event: 11.027 GC heap before
{Heap before GC invocations=18 (full 0):
 garbage-first heap   total 104448K, used 85424K [0x0000000700a00000, 0x0000000800000000)
  region size 2048K, 16 young (32768K), 3 survivors (6144K)
 Metaspace       used 64893K, committed 65664K, reserved 1114112K
  class space    used 8765K, committed 9088K, reserved 1048576K
}
Event: 11.038 GC heap after
{Heap after GC invocations=19 (full 0):
 garbage-first heap   total 104448K, used 68066K [0x0000000700a00000, 0x0000000800000000)
  region size 2048K, 2 young (4096K), 2 survivors (4096K)
 Metaspace       used 64893K, committed 65664K, reserved 1114112K
  class space    used 8765K, committed 9088K, reserved 1048576K
}
Event: 11.072 GC heap before
{Heap before GC invocations=19 (full 0):
 garbage-first heap   total 104448K, used 86498K [0x0000000700a00000, 0x0000000800000000)
  region size 2048K, 12 young (24576K), 2 survivors (4096K)
 Metaspace       used 64914K, committed 65664K, reserved 1114112K
  class space    used 8765K, committed 9088K, reserved 1048576K
}
Event: 11.079 GC heap after
{Heap after GC invocations=20 (full 0):
 garbage-first heap   total 104448K, used 73728K [0x0000000700a00000, 0x0000000800000000)
  region size 2048K, 2 young (4096K), 2 survivors (4096K)
 Metaspace       used 64914K, committed 65664K, reserved 1114112K
  class space    used 8765K, committed 9088K, reserved 1048576K
}
Event: 11.115 GC heap before
{Heap before GC invocations=20 (full 0):
 garbage-first heap   total 104448K, used 88064K [0x0000000700a00000, 0x0000000800000000)
  region size 2048K, 10 young (20480K), 2 survivors (4096K)
 Metaspace       used 64914K, committed 65664K, reserved 1114112K
  class space    used 8765K, committed 9088K, reserved 1048576K
}
Event: 11.121 GC heap after
{Heap after GC invocations=21 (full 0):
 garbage-first heap   total 104448K, used 78403K [0x0000000700a00000, 0x0000000800000000)
  region size 2048K, 2 young (4096K), 2 survivors (4096K)
 Metaspace       used 64914K, committed 65664K, reserved 1114112K
  class space    used 8765K, committed 9088K, reserved 1048576K
}
Event: 11.557 GC heap before
{Heap before GC invocations=22 (full 0):
 garbage-first heap   total 131072K, used 88643K [0x0000000700a00000, 0x0000000800000000)
  region size 2048K, 8 young (16384K), 2 survivors (4096K)
 Metaspace       used 65985K, committed 66816K, reserved 1114112K
  class space    used 8906K, committed 9280K, reserved 1048576K
}
Event: 11.563 GC heap after
{Heap after GC invocations=23 (full 0):
 garbage-first heap   total 131072K, used 79582K [0x0000000700a00000, 0x0000000800000000)
  region size 2048K, 1 young (2048K), 1 survivors (2048K)
 Metaspace       used 65985K, committed 66816K, reserved 1114112K
  class space    used 8906K, committed 9280K, reserved 1048576K
}
Event: 12.524 GC heap before
{Heap before GC invocations=23 (full 0):
 garbage-first heap   total 131072K, used 104158K [0x0000000700a00000, 0x0000000800000000)
  region size 2048K, 14 young (28672K), 1 survivors (2048K)
 Metaspace       used 69910K, committed 70848K, reserved 1114112K
  class space    used 9505K, committed 9920K, reserved 1048576K
}

